<?xml version="1.0" encoding="UTF-8"?>
<!-- Generated by org.testng.reporters.JUnitXMLReporter -->
<testsuite ignored="0" hostname="DESKTOP-VFLE8BI" failures="0" tests="3" name="Default test" time="7.837" errors="0" timestamp="2023-07-08T14:16:38 IST">
  <testcase classname="testClassPackage.post_tc_3" name="execute" time="5.413"/>
  <testcase classname="testClassPackage.post_tc_2" name="execute" time="1.122"/>
  <testcase classname="testClassPackage.post_tc_1" name="execute" time="1.059"/>
</testsuite> <!-- Default test -->
