<?xml version="1.0" encoding="UTF-8"?>
<!-- Generated by org.testng.reporters.JUnitXMLReporter -->
<testsuite ignored="0" hostname="DESKTOP-VFLE8BI" failures="0" tests="3" name="Test" time="13.126" errors="0" timestamp="2023-05-24T17:12:26 IST">
  <testcase classname="testClassPackage.post_tc_1" name="execute" time="9.676"/>
  <testcase classname="testClassPackage.post_tc_2" name="execute" time="1.596"/>
  <testcase classname="testClassPackage.post_tc_3" name="execute" time="1.536"/>
</testsuite> <!-- Test -->
