<?xml version="1.0" encoding="UTF-8"?>
<testng-results ignored="0" total="3" passed="3" failed="0" skipped="0">
  <reporter-output>
  </reporter-output>
  <suite started-at="2023-05-24T17:12:13 IST" name="Suite" finished-at="2023-05-24T17:12:26 IST" duration-ms="13126">
    <groups>
    </groups>
    <test started-at="2023-05-24T17:12:13 IST" name="Test" finished-at="2023-05-24T17:12:26 IST" duration-ms="13126">
      <class name="testClassPackage.post_tc_3">
        <test-method signature="execute()[pri:0, instance:testClassPackage.post_tc_3@5454d35e]" started-at="2023-05-24T17:12:25 IST" name="execute" finished-at="2023-05-24T17:12:26 IST" duration-ms="1536" status="PASS">
          <reporter-output>
          </reporter-output>
        </test-method> <!-- execute -->
      </class> <!-- testClassPackage.post_tc_3 -->
      <class name="testClassPackage.post_tc_2">
        <test-method signature="execute()[pri:0, instance:testClassPackage.post_tc_2@768fc0f2]" started-at="2023-05-24T17:12:23 IST" name="execute" finished-at="2023-05-24T17:12:25 IST" duration-ms="1596" status="PASS">
          <reporter-output>
          </reporter-output>
        </test-method> <!-- execute -->
      </class> <!-- testClassPackage.post_tc_2 -->
      <class name="testClassPackage.post_tc_1">
        <test-method signature="execute()[pri:0, instance:testClassPackage.post_tc_1@25f4878b]" started-at="2023-05-24T17:12:13 IST" name="execute" finished-at="2023-05-24T17:12:23 IST" duration-ms="9676" status="PASS">
          <reporter-output>
          </reporter-output>
        </test-method> <!-- execute -->
      </class> <!-- testClassPackage.post_tc_1 -->
    </test> <!-- Test -->
  </suite> <!-- Suite -->
</testng-results>
