<?xml version="1.0" encoding="UTF-8"?>
<testng-results ignored="0" total="3" passed="3" failed="0" skipped="0">
  <reporter-output>
  </reporter-output>
  <suite started-at="2023-07-08T14:16:30 IST" name="Default suite" finished-at="2023-07-08T14:16:38 IST" duration-ms="7837">
    <groups>
    </groups>
    <test started-at="2023-07-08T14:16:30 IST" name="Default test" finished-at="2023-07-08T14:16:38 IST" duration-ms="7837">
      <class name="testClassPackage.post_tc_3">
        <test-method signature="execute()[pri:0, instance:testClassPackage.post_tc_3@1bd39d3c]" started-at="2023-07-08T14:16:30 IST" name="execute" finished-at="2023-07-08T14:16:36 IST" duration-ms="5413" status="PASS">
          <reporter-output>
          </reporter-output>
        </test-method> <!-- execute -->
      </class> <!-- testClassPackage.post_tc_3 -->
      <class name="testClassPackage.post_tc_2">
        <test-method signature="execute()[pri:0, instance:testClassPackage.post_tc_2@45a37759]" started-at="2023-07-08T14:16:36 IST" name="execute" finished-at="2023-07-08T14:16:37 IST" duration-ms="1122" status="PASS">
          <reporter-output>
          </reporter-output>
        </test-method> <!-- execute -->
      </class> <!-- testClassPackage.post_tc_2 -->
      <class name="requestRepositoryPackage.post_req_repository">
        <test-method is-config="true" signature="base_URI()[pri:0, instance:requestRepositoryPackage.post_req_repository@d771cc9]" started-at="2023-07-08T14:16:30 IST" name="base_URI" finished-at="2023-07-08T14:16:30 IST" duration-ms="32" status="PASS">
          <reporter-output>
          </reporter-output>
        </test-method> <!-- base_URI -->
      </class> <!-- requestRepositoryPackage.post_req_repository -->
      <class name="testClassPackage.post_tc_1">
        <test-method signature="execute()[pri:0, instance:testClassPackage.post_tc_1@36b4091c]" started-at="2023-07-08T14:16:37 IST" name="execute" finished-at="2023-07-08T14:16:38 IST" duration-ms="1059" status="PASS">
          <reporter-output>
          </reporter-output>
        </test-method> <!-- execute -->
      </class> <!-- testClassPackage.post_tc_1 -->
    </test> <!-- Default test -->
  </suite> <!-- Default suite -->
</testng-results>
